  kd.cpp
kd.cpp(147): warning C4244: '=': conversion from 'double' to 'float', possible loss of data
kd.cpp(148): warning C4244: '=': conversion from 'double' to 'float', possible loss of data
kd.cpp(151): warning C4244: '=': conversion from 'double' to 'float', possible loss of data
kd.cpp(152): warning C4244: '=': conversion from 'double' to 'float', possible loss of data
kd.cpp(155): warning C4244: '=': conversion from 'int' to 'float', possible loss of data
kd.cpp(142): warning C4101: 'r2': unreferenced local variable
kd.cpp(142): warning C4101: 'r1': unreferenced local variable
kd.cpp(300): warning C4305: 'initializing': truncation from 'double' to 'GLfloat'
kd.cpp(435): warning C4244: 'argument': conversion from 'float' to 'GLint', possible loss of data
kd.cpp(486): warning C4244: '=': conversion from 'int' to 'GLfloat', possible loss of data
kd.cpp(490): warning C4244: 'initializing': conversion from 'double' to 'int', possible loss of data
kd.cpp(491): warning C4244: 'initializing': conversion from 'double' to 'int', possible loss of data
kd.cpp(580): warning C4244: 'argument': conversion from 'int' to 'GLfloat', possible loss of data
kd.cpp(580): warning C4244: 'argument': conversion from 'double' to 'GLfloat', possible loss of data
  Generating code
  4 of 157 functions ( 2.5%) were compiled, the rest were copied from previous compilation.
    0 functions were new in current compilation
    0 functions had inline decision re-evaluated but remain unchanged
  Finished generating code
  KDtreeThesis.vcxproj -> C:\Users\fahad\documents\visual studio 2015\Projects\KDtreeThesis\Release\KDtreeThesis.exe
  KDtreeThesis.vcxproj -> C:\Users\fahad\documents\visual studio 2015\Projects\KDtreeThesis\Release\KDtreeThesis.pdb (Full PDB)
